[0.014s] Invoking command in '/home/zzn/chapt4/chapt4_ws/build/demo_cpp_service': CMAKE_PREFIX_PATH=/home/zzn/chapt4/chapt4_ws/install/chapt4_interfaces:/home/zzn/chapt4/chapt4_ws/install/demo_cpp_service:/opt/ros/humble /usr/bin/cmake --build /home/zzn/chapt4/chapt4_ws/build/demo_cpp_service -- -j8 -l8
[0.045s] -- Found ament_cmake: 1.3.13 (/opt/ros/humble/share/ament_cmake/cmake)
[0.185s] -- Found chapt4_interfaces: 0.0.0 (/home/zzn/chapt4/chapt4_ws/install/chapt4_interfaces/share/chapt4_interfaces/cmake)
[0.214s] -- Found rosidl_generator_c: 3.1.8 (/opt/ros/humble/share/rosidl_generator_c/cmake)
[0.217s] -- Found rosidl_adapter: 3.1.8 (/opt/ros/humble/share/rosidl_adapter/cmake)
[0.224s] -- Found rosidl_generator_cpp: 3.1.8 (/opt/ros/humble/share/rosidl_generator_cpp/cmake)
[0.234s] -- Using all available rosidl_typesupport_c: rosidl_typesupport_fastrtps_c;rosidl_typesupport_introspection_c
[0.248s] -- Using all available rosidl_typesupport_cpp: rosidl_typesupport_fastrtps_cpp;rosidl_typesupport_introspection_cpp
[0.320s] -- Found rclcpp: 16.0.18 (/opt/ros/humble/share/rclcpp/cmake)
[0.346s] -- Found rmw_implementation_cmake: 6.1.2 (/opt/ros/humble/share/rmw_implementation_cmake/cmake)
[0.347s] -- Found rmw_fastrtps_cpp: 6.2.10 (/opt/ros/humble/share/rmw_fastrtps_cpp/cmake)
[0.459s] -- Using RMW implementation 'rmw_fastrtps_cpp' as default
[0.495s] -- Found turtlesim: 1.4.3 (/opt/ros/humble/share/turtlesim/cmake)
[0.535s] -- Found ament_lint_auto: 0.12.15 (/opt/ros/humble/share/ament_lint_auto/cmake)
[0.611s] -- Added test 'cppcheck' to perform static code analysis on C / C++ code
[0.611s] -- Configured cppcheck include dirs: 
[0.611s] -- Configured cppcheck exclude dirs and/or files: 
[0.612s] -- Added test 'lint_cmake' to check CMake code style
[0.613s] -- Added test 'uncrustify' to check C / C++ code style
[0.613s] -- Configured uncrustify additional arguments: 
[0.613s] -- Added test 'xmllint' to check XML markup files
[0.614s] -- Configuring done
[0.635s] -- Generating done
[0.644s] -- Build files have been written to: /home/zzn/chapt4/chapt4_ws/build/demo_cpp_service
[0.676s] [35m[1mConsolidate compiler generated dependencies of target turtle_control[0m
[0.691s] [ 25%] [32mBuilding CXX object CMakeFiles/partol_client.dir/src/partol_client.cpp.o[0m
[0.703s] [ 75%] Built target turtle_control
[3.477s] In file included from [01m[K/opt/ros/humble/include/rclcpp/rclcpp/logging.hpp:24[m[K,
[3.477s]                  from [01m[K/opt/ros/humble/include/rclcpp/rclcpp/client.hpp:40[m[K,
[3.477s]                  from [01m[K/opt/ros/humble/include/rclcpp/rclcpp/callback_group.hpp:24[m[K,
[3.477s]                  from [01m[K/opt/ros/humble/include/rclcpp/rclcpp/any_executable.hpp:20[m[K,
[3.477s]                  from [01m[K/opt/ros/humble/include/rclcpp/rclcpp/memory_strategy.hpp:25[m[K,
[3.478s]                  from [01m[K/opt/ros/humble/include/rclcpp/rclcpp/memory_strategies.hpp:18[m[K,
[3.478s]                  from [01m[K/opt/ros/humble/include/rclcpp/rclcpp/executor_options.hpp:20[m[K,
[3.478s]                  from [01m[K/opt/ros/humble/include/rclcpp/rclcpp/executor.hpp:37[m[K,
[3.478s]                  from [01m[K/opt/ros/humble/include/rclcpp/rclcpp/executors/multi_threaded_executor.hpp:25[m[K,
[3.478s]                  from [01m[K/opt/ros/humble/include/rclcpp/rclcpp/executors.hpp:21[m[K,
[3.478s]                  from [01m[K/opt/ros/humble/include/rclcpp/rclcpp/rclcpp.hpp:155[m[K,
[3.478s]                  from [01m[K/home/zzn/chapt4/chapt4_ws/src/demo_cpp_service/src/partol_client.cpp:1[m[K:
[3.478s] [01m[K/home/zzn/chapt4/chapt4_ws/src/demo_cpp_service/src/partol_client.cpp:[m[K In lambda function:
[3.478s] [01m[K/home/zzn/chapt4/chapt4_ws/src/demo_cpp_service/src/partol_client.cpp:32:44:[m[K [01;35m[Kwarning: [m[Kformat ‘[01m[K%d[m[K’ expects argument of type ‘[01m[Kint[m[K’, but argument 5 has type ‘[01m[Kdouble[m[K’ [[01;35m[K]8;;https://gcc.gnu.org/onlinedocs/gcc/Warning-Options.html#index-Wformat=-Wformat=]8;;[m[K]
[3.479s]    32 |             RCLCPP_INFO(this->get_logger(),[01;35m[K"准备好目标点(%d,%d)"[m[K, [32m[Krequest->target_x[m[K, request->target_y);
[3.479s]       |                                            [01;35m[K^~~~~~~~~~~~~~~~~~~~~[m[K  [32m[K~~~~~~~~~~~~~~~~~[m[K
[3.479s]       |                                                                            [32m[K|[m[K
[3.479s]       |                                                                            [32m[Kdouble[m[K
[3.479s] [01m[K/home/zzn/chapt4/chapt4_ws/src/demo_cpp_service/src/partol_client.cpp:32:59:[m[K [01;36m[Knote: [m[Kformat string is defined here
[3.479s]    32 |             RCLCPP_INFO(this->get_logger(),"准备好目标点([01;36m[K%d[m[K,%d)", request->target_x, request->target_y);
[3.479s]       |                                                          [01;36m[K~^[m[K
[3.479s]       |                                                           [01;36m[K|[m[K
[3.479s]       |                                                           [01;36m[Kint[m[K
[3.479s]       |                                                          [32m[K%f[m[K
[3.479s] In file included from [01m[K/opt/ros/humble/include/rclcpp/rclcpp/logging.hpp:24[m[K,
[3.479s]                  from [01m[K/opt/ros/humble/include/rclcpp/rclcpp/client.hpp:40[m[K,
[3.479s]                  from [01m[K/opt/ros/humble/include/rclcpp/rclcpp/callback_group.hpp:24[m[K,
[3.479s]                  from [01m[K/opt/ros/humble/include/rclcpp/rclcpp/any_executable.hpp:20[m[K,
[3.479s]                  from [01m[K/opt/ros/humble/include/rclcpp/rclcpp/memory_strategy.hpp:25[m[K,
[3.479s]                  from [01m[K/opt/ros/humble/include/rclcpp/rclcpp/memory_strategies.hpp:18[m[K,
[3.479s]                  from [01m[K/opt/ros/humble/include/rclcpp/rclcpp/executor_options.hpp:20[m[K,
[3.479s]                  from [01m[K/opt/ros/humble/include/rclcpp/rclcpp/executor.hpp:37[m[K,
[3.479s]                  from [01m[K/opt/ros/humble/include/rclcpp/rclcpp/executors/multi_threaded_executor.hpp:25[m[K,
[3.480s]                  from [01m[K/opt/ros/humble/include/rclcpp/rclcpp/executors.hpp:21[m[K,
[3.480s]                  from [01m[K/opt/ros/humble/include/rclcpp/rclcpp/rclcpp.hpp:155[m[K,
[3.480s]                  from [01m[K/home/zzn/chapt4/chapt4_ws/src/demo_cpp_service/src/partol_client.cpp:1[m[K:
[3.480s] [01m[K/home/zzn/chapt4/chapt4_ws/src/demo_cpp_service/src/partol_client.cpp:32:44:[m[K [01;35m[Kwarning: [m[Kformat ‘[01m[K%d[m[K’ expects argument of type ‘[01m[Kint[m[K’, but argument 6 has type ‘[01m[Kdouble[m[K’ [[01;35m[K]8;;https://gcc.gnu.org/onlinedocs/gcc/Warning-Options.html#index-Wformat=-Wformat=]8;;[m[K]
[3.480s]    32 |             RCLCPP_INFO(this->get_logger(),[01;35m[K"准备好目标点(%d,%d)"[m[K, request->target_x, [32m[Krequest->target_y[m[K);
[3.480s]       |                                            [01;35m[K^~~~~~~~~~~~~~~~~~~~~[m[K                     [32m[K~~~~~~~~~~~~~~~~~[m[K
[3.480s]       |                                                                                               [32m[K|[m[K
[3.480s]       |                                                                                               [32m[Kdouble[m[K
[3.480s] [01m[K/home/zzn/chapt4/chapt4_ws/src/demo_cpp_service/src/partol_client.cpp:32:62:[m[K [01;36m[Knote: [m[Kformat string is defined here
[3.480s]    32 |             RCLCPP_INFO(this->get_logger(),"准备好目标点(%d,[01;36m[K%d[m[K)", request->target_x, request->target_y);
[3.480s]       |                                                             [01;36m[K~^[m[K
[3.480s]       |                                                              [01;36m[K|[m[K
[3.480s]       |                                                              [01;36m[Kint[m[K
[3.480s]       |                                                             [32m[K%f[m[K
[5.084s] [100%] [32m[1mLinking CXX executable partol_client[0m
[5.328s] [100%] Built target partol_client
[5.344s] Invoked command in '/home/zzn/chapt4/chapt4_ws/build/demo_cpp_service' returned '0': CMAKE_PREFIX_PATH=/home/zzn/chapt4/chapt4_ws/install/chapt4_interfaces:/home/zzn/chapt4/chapt4_ws/install/demo_cpp_service:/opt/ros/humble /usr/bin/cmake --build /home/zzn/chapt4/chapt4_ws/build/demo_cpp_service -- -j8 -l8
[5.349s] Invoking command in '/home/zzn/chapt4/chapt4_ws/build/demo_cpp_service': CMAKE_PREFIX_PATH=/home/zzn/chapt4/chapt4_ws/install/chapt4_interfaces:/home/zzn/chapt4/chapt4_ws/install/demo_cpp_service:/opt/ros/humble /usr/bin/cmake --install /home/zzn/chapt4/chapt4_ws/build/demo_cpp_service
[5.355s] -- Install configuration: ""
[5.355s] -- Up-to-date: /home/zzn/chapt4/chapt4_ws/install/demo_cpp_service/lib/demo_cpp_service/turtle_control
[5.356s] -- Installing: /home/zzn/chapt4/chapt4_ws/install/demo_cpp_service/lib/demo_cpp_service/partol_client
[5.357s] -- Set runtime path of "/home/zzn/chapt4/chapt4_ws/install/demo_cpp_service/lib/demo_cpp_service/partol_client" to ""
[5.357s] -- Up-to-date: /home/zzn/chapt4/chapt4_ws/install/demo_cpp_service/share/ament_index/resource_index/package_run_dependencies/demo_cpp_service
[5.357s] -- Up-to-date: /home/zzn/chapt4/chapt4_ws/install/demo_cpp_service/share/ament_index/resource_index/parent_prefix_path/demo_cpp_service
[5.357s] -- Up-to-date: /home/zzn/chapt4/chapt4_ws/install/demo_cpp_service/share/demo_cpp_service/environment/ament_prefix_path.sh
[5.357s] -- Installing: /home/zzn/chapt4/chapt4_ws/install/demo_cpp_service/share/demo_cpp_service/environment/ament_prefix_path.dsv
[5.357s] -- Up-to-date: /home/zzn/chapt4/chapt4_ws/install/demo_cpp_service/share/demo_cpp_service/environment/path.sh
[5.359s] -- Installing: /home/zzn/chapt4/chapt4_ws/install/demo_cpp_service/share/demo_cpp_service/environment/path.dsv
[5.359s] -- Up-to-date: /home/zzn/chapt4/chapt4_ws/install/demo_cpp_service/share/demo_cpp_service/local_setup.bash
[5.359s] -- Up-to-date: /home/zzn/chapt4/chapt4_ws/install/demo_cpp_service/share/demo_cpp_service/local_setup.sh
[5.359s] -- Up-to-date: /home/zzn/chapt4/chapt4_ws/install/demo_cpp_service/share/demo_cpp_service/local_setup.zsh
[5.359s] -- Installing: /home/zzn/chapt4/chapt4_ws/install/demo_cpp_service/share/demo_cpp_service/local_setup.dsv
[5.359s] -- Installing: /home/zzn/chapt4/chapt4_ws/install/demo_cpp_service/share/demo_cpp_service/package.dsv
[5.359s] -- Up-to-date: /home/zzn/chapt4/chapt4_ws/install/demo_cpp_service/share/ament_index/resource_index/packages/demo_cpp_service
[5.359s] -- Up-to-date: /home/zzn/chapt4/chapt4_ws/install/demo_cpp_service/share/demo_cpp_service/cmake/demo_cpp_serviceConfig.cmake
[5.360s] -- Up-to-date: /home/zzn/chapt4/chapt4_ws/install/demo_cpp_service/share/demo_cpp_service/cmake/demo_cpp_serviceConfig-version.cmake
[5.360s] -- Up-to-date: /home/zzn/chapt4/chapt4_ws/install/demo_cpp_service/share/demo_cpp_service/package.xml
[5.362s] Invoked command in '/home/zzn/chapt4/chapt4_ws/build/demo_cpp_service' returned '0': CMAKE_PREFIX_PATH=/home/zzn/chapt4/chapt4_ws/install/chapt4_interfaces:/home/zzn/chapt4/chapt4_ws/install/demo_cpp_service:/opt/ros/humble /usr/bin/cmake --install /home/zzn/chapt4/chapt4_ws/build/demo_cpp_service
