[0.015s] Invoking command in '/home/zzn/chapt4/chapt4_ws/build/demo_cpp_service': CMAKE_PREFIX_PATH=/home/zzn/chapt4/chapt4_ws/install/chapt4_interfaces:/home/zzn/chapt4/chapt4_ws/install/demo_cpp_service:/opt/ros/humble /usr/bin/cmake --build /home/zzn/chapt4/chapt4_ws/build/demo_cpp_service -- -j8 -l8
[0.088s] [35m[1mConsolidate compiler generated dependencies of target partol_client[0m
[0.112s] [ 50%] Built target turtle_control
[0.124s] [ 75%] [32mBuilding CXX object CMakeFiles/partol_client.dir/src/partol_client.cpp.o[0m
[4.292s] [100%] [32m[1mLinking CXX executable partol_client[0m
[4.511s] [100%] Built target partol_client
[4.528s] Invoked command in '/home/zzn/chapt4/chapt4_ws/build/demo_cpp_service' returned '0': CMAKE_PREFIX_PATH=/home/zzn/chapt4/chapt4_ws/install/chapt4_interfaces:/home/zzn/chapt4/chapt4_ws/install/demo_cpp_service:/opt/ros/humble /usr/bin/cmake --build /home/zzn/chapt4/chapt4_ws/build/demo_cpp_service -- -j8 -l8
[4.532s] Invoking command in '/home/zzn/chapt4/chapt4_ws/build/demo_cpp_service': CMAKE_PREFIX_PATH=/home/zzn/chapt4/chapt4_ws/install/chapt4_interfaces:/home/zzn/chapt4/chapt4_ws/install/demo_cpp_service:/opt/ros/humble /usr/bin/cmake --install /home/zzn/chapt4/chapt4_ws/build/demo_cpp_service
[4.542s] -- Install configuration: ""
[4.542s] -- Up-to-date: /home/zzn/chapt4/chapt4_ws/install/demo_cpp_service/lib/demo_cpp_service/turtle_control
[4.543s] -- Installing: /home/zzn/chapt4/chapt4_ws/install/demo_cpp_service/lib/demo_cpp_service/partol_client
[4.544s] -- Set runtime path of "/home/zzn/chapt4/chapt4_ws/install/demo_cpp_service/lib/demo_cpp_service/partol_client" to ""
[4.544s] -- Up-to-date: /home/zzn/chapt4/chapt4_ws/install/demo_cpp_service/share/ament_index/resource_index/package_run_dependencies/demo_cpp_service
[4.545s] -- Up-to-date: /home/zzn/chapt4/chapt4_ws/install/demo_cpp_service/share/ament_index/resource_index/parent_prefix_path/demo_cpp_service
[4.545s] -- Up-to-date: /home/zzn/chapt4/chapt4_ws/install/demo_cpp_service/share/demo_cpp_service/environment/ament_prefix_path.sh
[4.545s] -- Up-to-date: /home/zzn/chapt4/chapt4_ws/install/demo_cpp_service/share/demo_cpp_service/environment/ament_prefix_path.dsv
[4.545s] -- Up-to-date: /home/zzn/chapt4/chapt4_ws/install/demo_cpp_service/share/demo_cpp_service/environment/path.sh
[4.545s] -- Up-to-date: /home/zzn/chapt4/chapt4_ws/install/demo_cpp_service/share/demo_cpp_service/environment/path.dsv
[4.546s] -- Up-to-date: /home/zzn/chapt4/chapt4_ws/install/demo_cpp_service/share/demo_cpp_service/local_setup.bash
[4.546s] -- Up-to-date: /home/zzn/chapt4/chapt4_ws/install/demo_cpp_service/share/demo_cpp_service/local_setup.sh
[4.546s] -- Up-to-date: /home/zzn/chapt4/chapt4_ws/install/demo_cpp_service/share/demo_cpp_service/local_setup.zsh
[4.546s] -- Up-to-date: /home/zzn/chapt4/chapt4_ws/install/demo_cpp_service/share/demo_cpp_service/local_setup.dsv
[4.546s] -- Installing: /home/zzn/chapt4/chapt4_ws/install/demo_cpp_service/share/demo_cpp_service/package.dsv
[4.546s] -- Up-to-date: /home/zzn/chapt4/chapt4_ws/install/demo_cpp_service/share/ament_index/resource_index/packages/demo_cpp_service
[4.546s] -- Up-to-date: /home/zzn/chapt4/chapt4_ws/install/demo_cpp_service/share/demo_cpp_service/cmake/demo_cpp_serviceConfig.cmake
[4.546s] -- Up-to-date: /home/zzn/chapt4/chapt4_ws/install/demo_cpp_service/share/demo_cpp_service/cmake/demo_cpp_serviceConfig-version.cmake
[4.546s] -- Up-to-date: /home/zzn/chapt4/chapt4_ws/install/demo_cpp_service/share/demo_cpp_service/package.xml
[4.551s] Invoked command in '/home/zzn/chapt4/chapt4_ws/build/demo_cpp_service' returned '0': CMAKE_PREFIX_PATH=/home/zzn/chapt4/chapt4_ws/install/chapt4_interfaces:/home/zzn/chapt4/chapt4_ws/install/demo_cpp_service:/opt/ros/humble /usr/bin/cmake --install /home/zzn/chapt4/chapt4_ws/build/demo_cpp_service
