[0.014s] Invoking command in '/home/zzn/chapt4/chapt4_ws/build/demo_cpp_service': CMAKE_PREFIX_PATH=/home/zzn/chapt4/chapt4_ws/install/chapt4_interfaces:/home/zzn/chapt4/chapt4_ws/install/demo_cpp_service:/opt/ros/humble /usr/bin/cmake /home/zzn/chapt4/chapt4_ws/src/demo_cpp_service -DCMAKE_INSTALL_PREFIX=/home/zzn/chapt4/chapt4_ws/install/demo_cpp_service
[0.090s] -- The C compiler identification is GNU 11.4.0
[0.161s] -- The CXX compiler identification is GNU 11.4.0
[0.170s] -- Detecting C compiler ABI info
[0.253s] -- Detecting C compiler ABI info - done
[0.261s] -- Check for working C compiler: /usr/bin/cc - skipped
[0.262s] -- Detecting C compile features
[0.262s] -- Detecting C compile features - done
[0.265s] -- Detecting CXX compiler ABI info
[0.369s] -- Detecting CXX compiler ABI info - done
[0.378s] -- Check for working CXX compiler: /usr/bin/c++ - skipped
[0.378s] -- Detecting CXX compile features
[0.378s] -- Detecting CXX compile features - done
[0.381s] -- Found ament_cmake: 1.3.13 (/opt/ros/humble/share/ament_cmake/cmake)
[0.545s] -- Found Python3: /usr/bin/python3 (found version "3.10.12") found components: Interpreter 
[0.651s] -- Found chapt4_interfaces: 0.0.0 (/home/zzn/chapt4/chapt4_ws/install/chapt4_interfaces/share/chapt4_interfaces/cmake)
[0.690s] -- Found rosidl_generator_c: 3.1.8 (/opt/ros/humble/share/rosidl_generator_c/cmake)
[0.697s] -- Found rosidl_adapter: 3.1.8 (/opt/ros/humble/share/rosidl_adapter/cmake)
[0.705s] -- Found rosidl_generator_cpp: 3.1.8 (/opt/ros/humble/share/rosidl_generator_cpp/cmake)
[0.717s] -- Using all available rosidl_typesupport_c: rosidl_typesupport_fastrtps_c;rosidl_typesupport_introspection_c
[0.733s] -- Using all available rosidl_typesupport_cpp: rosidl_typesupport_fastrtps_cpp;rosidl_typesupport_introspection_cpp
[0.808s] -- Found rclcpp: 16.0.18 (/opt/ros/humble/share/rclcpp/cmake)
[0.843s] -- Found rmw_implementation_cmake: 6.1.2 (/opt/ros/humble/share/rmw_implementation_cmake/cmake)
[0.846s] -- Found rmw_fastrtps_cpp: 6.2.10 (/opt/ros/humble/share/rmw_fastrtps_cpp/cmake)
[0.962s] -- Found OpenSSL: /usr/lib/x86_64-linux-gnu/libcrypto.so (found version "3.0.2")  
[0.991s] -- Found FastRTPS: /opt/ros/humble/include  
[1.041s] -- Using RMW implementation 'rmw_fastrtps_cpp' as default
[1.048s] -- Looking for pthread.h
[1.139s] -- Looking for pthread.h - found
[1.139s] -- Performing Test CMAKE_HAVE_LIBC_PTHREAD
[1.230s] -- Performing Test CMAKE_HAVE_LIBC_PTHREAD - Success
[1.231s] -- Found Threads: TRUE  
[1.269s] -- Found turtlesim: 1.4.3 (/opt/ros/humble/share/turtlesim/cmake)
[1.339s] -- Found ament_lint_auto: 0.12.15 (/opt/ros/humble/share/ament_lint_auto/cmake)
[1.420s] -- Added test 'cppcheck' to perform static code analysis on C / C++ code
[1.420s] -- Configured cppcheck include dirs: 
[1.420s] -- Configured cppcheck exclude dirs and/or files: 
[1.421s] -- Added test 'lint_cmake' to check CMake code style
[1.422s] -- Added test 'uncrustify' to check C / C++ code style
[1.423s] -- Configured uncrustify additional arguments: 
[1.423s] -- Added test 'xmllint' to check XML markup files
[1.425s] -- Configuring done
[1.439s] -- Generating done
[1.443s] -- Build files have been written to: /home/zzn/chapt4/chapt4_ws/build/demo_cpp_service
[1.455s] Invoked command in '/home/zzn/chapt4/chapt4_ws/build/demo_cpp_service' returned '0': CMAKE_PREFIX_PATH=/home/zzn/chapt4/chapt4_ws/install/chapt4_interfaces:/home/zzn/chapt4/chapt4_ws/install/demo_cpp_service:/opt/ros/humble /usr/bin/cmake /home/zzn/chapt4/chapt4_ws/src/demo_cpp_service -DCMAKE_INSTALL_PREFIX=/home/zzn/chapt4/chapt4_ws/install/demo_cpp_service
[1.457s] Invoking command in '/home/zzn/chapt4/chapt4_ws/build/demo_cpp_service': CMAKE_PREFIX_PATH=/home/zzn/chapt4/chapt4_ws/install/chapt4_interfaces:/home/zzn/chapt4/chapt4_ws/install/demo_cpp_service:/opt/ros/humble /usr/bin/cmake --build /home/zzn/chapt4/chapt4_ws/build/demo_cpp_service -- -j8 -l8
[1.522s] [ 50%] [32mBuilding CXX object CMakeFiles/turtle_control.dir/src/turtle_control.cpp.o[0m
[14.540s] [100%] [32m[1mLinking CXX executable turtle_control[0m
[15.176s] [100%] Built target turtle_control
[15.194s] Invoked command in '/home/zzn/chapt4/chapt4_ws/build/demo_cpp_service' returned '0': CMAKE_PREFIX_PATH=/home/zzn/chapt4/chapt4_ws/install/chapt4_interfaces:/home/zzn/chapt4/chapt4_ws/install/demo_cpp_service:/opt/ros/humble /usr/bin/cmake --build /home/zzn/chapt4/chapt4_ws/build/demo_cpp_service -- -j8 -l8
[15.194s] Invoking command in '/home/zzn/chapt4/chapt4_ws/build/demo_cpp_service': CMAKE_PREFIX_PATH=/home/zzn/chapt4/chapt4_ws/install/chapt4_interfaces:/home/zzn/chapt4/chapt4_ws/install/demo_cpp_service:/opt/ros/humble /usr/bin/cmake --install /home/zzn/chapt4/chapt4_ws/build/demo_cpp_service
[15.204s] -- Install configuration: ""
[15.204s] -- Installing: /home/zzn/chapt4/chapt4_ws/install/demo_cpp_service/lib/turtle_control
[15.219s] -- Set runtime path of "/home/zzn/chapt4/chapt4_ws/install/demo_cpp_service/lib/turtle_control" to ""
[15.219s] -- Installing: /home/zzn/chapt4/chapt4_ws/install/demo_cpp_service/share/ament_index/resource_index/package_run_dependencies/demo_cpp_service
[15.219s] -- Installing: /home/zzn/chapt4/chapt4_ws/install/demo_cpp_service/share/ament_index/resource_index/parent_prefix_path/demo_cpp_service
[15.219s] -- Installing: /home/zzn/chapt4/chapt4_ws/install/demo_cpp_service/share/demo_cpp_service/environment/ament_prefix_path.sh
[15.220s] -- Installing: /home/zzn/chapt4/chapt4_ws/install/demo_cpp_service/share/demo_cpp_service/environment/ament_prefix_path.dsv
[15.220s] -- Installing: /home/zzn/chapt4/chapt4_ws/install/demo_cpp_service/share/demo_cpp_service/environment/path.sh
[15.220s] -- Installing: /home/zzn/chapt4/chapt4_ws/install/demo_cpp_service/share/demo_cpp_service/environment/path.dsv
[15.220s] -- Installing: /home/zzn/chapt4/chapt4_ws/install/demo_cpp_service/share/demo_cpp_service/local_setup.bash
[15.220s] -- Installing: /home/zzn/chapt4/chapt4_ws/install/demo_cpp_service/share/demo_cpp_service/local_setup.sh
[15.220s] -- Installing: /home/zzn/chapt4/chapt4_ws/install/demo_cpp_service/share/demo_cpp_service/local_setup.zsh
[15.221s] -- Installing: /home/zzn/chapt4/chapt4_ws/install/demo_cpp_service/share/demo_cpp_service/local_setup.dsv
[15.221s] -- Installing: /home/zzn/chapt4/chapt4_ws/install/demo_cpp_service/share/demo_cpp_service/package.dsv
[15.221s] -- Installing: /home/zzn/chapt4/chapt4_ws/install/demo_cpp_service/share/ament_index/resource_index/packages/demo_cpp_service
[15.221s] -- Installing: /home/zzn/chapt4/chapt4_ws/install/demo_cpp_service/share/demo_cpp_service/cmake/demo_cpp_serviceConfig.cmake
[15.221s] -- Installing: /home/zzn/chapt4/chapt4_ws/install/demo_cpp_service/share/demo_cpp_service/cmake/demo_cpp_serviceConfig-version.cmake
[15.221s] -- Installing: /home/zzn/chapt4/chapt4_ws/install/demo_cpp_service/share/demo_cpp_service/package.xml
[15.225s] Invoked command in '/home/zzn/chapt4/chapt4_ws/build/demo_cpp_service' returned '0': CMAKE_PREFIX_PATH=/home/zzn/chapt4/chapt4_ws/install/chapt4_interfaces:/home/zzn/chapt4/chapt4_ws/install/demo_cpp_service:/opt/ros/humble /usr/bin/cmake --install /home/zzn/chapt4/chapt4_ws/build/demo_cpp_service
