[0.013s] Invoking command in '/home/zzn/chapt4/chapt4_ws/build/demo_cpp_service': CMAKE_PREFIX_PATH=/home/zzn/chapt4/chapt4_ws/install/chapt4_interfaces:/home/zzn/chapt4/chapt4_ws/install/demo_cpp_service:/opt/ros/humble /usr/bin/cmake --build /home/zzn/chapt4/chapt4_ws/build/demo_cpp_service -- -j8 -l8
[0.043s] -- Found ament_cmake: 1.3.13 (/opt/ros/humble/share/ament_cmake/cmake)
[0.181s] -- Found chapt4_interfaces: 0.0.0 (/home/zzn/chapt4/chapt4_ws/install/chapt4_interfaces/share/chapt4_interfaces/cmake)
[0.205s] -- Found rosidl_generator_c: 3.1.8 (/opt/ros/humble/share/rosidl_generator_c/cmake)
[0.207s] -- Found rosidl_adapter: 3.1.8 (/opt/ros/humble/share/rosidl_adapter/cmake)
[0.213s] -- Found rosidl_generator_cpp: 3.1.8 (/opt/ros/humble/share/rosidl_generator_cpp/cmake)
[0.222s] -- Using all available rosidl_typesupport_c: rosidl_typesupport_fastrtps_c;rosidl_typesupport_introspection_c
[0.235s] -- Using all available rosidl_typesupport_cpp: rosidl_typesupport_fastrtps_cpp;rosidl_typesupport_introspection_cpp
[0.302s] -- Found rclcpp: 16.0.18 (/opt/ros/humble/share/rclcpp/cmake)
[0.325s] -- Found rmw_implementation_cmake: 6.1.2 (/opt/ros/humble/share/rmw_implementation_cmake/cmake)
[0.327s] -- Found rmw_fastrtps_cpp: 6.2.10 (/opt/ros/humble/share/rmw_fastrtps_cpp/cmake)
[0.438s] -- Using RMW implementation 'rmw_fastrtps_cpp' as default
[0.476s] -- Found turtlesim: 1.4.3 (/opt/ros/humble/share/turtlesim/cmake)
[0.512s] -- Found ament_lint_auto: 0.12.15 (/opt/ros/humble/share/ament_lint_auto/cmake)
[0.585s] -- Added test 'cppcheck' to perform static code analysis on C / C++ code
[0.586s] -- Configured cppcheck include dirs: 
[0.586s] -- Configured cppcheck exclude dirs and/or files: 
[0.586s] -- Added test 'lint_cmake' to check CMake code style
[0.587s] -- Added test 'uncrustify' to check C / C++ code style
[0.587s] -- Configured uncrustify additional arguments: 
[0.588s] -- Added test 'xmllint' to check XML markup files
[0.588s] -- Configuring done
[0.603s] -- Generating done
[0.609s] -- Build files have been written to: /home/zzn/chapt4/chapt4_ws/build/demo_cpp_service
[0.641s] [35m[1mConsolidate compiler generated dependencies of target turtle_control[0m
[0.664s] [100%] Built target turtle_control
[0.678s] Invoked command in '/home/zzn/chapt4/chapt4_ws/build/demo_cpp_service' returned '0': CMAKE_PREFIX_PATH=/home/zzn/chapt4/chapt4_ws/install/chapt4_interfaces:/home/zzn/chapt4/chapt4_ws/install/demo_cpp_service:/opt/ros/humble /usr/bin/cmake --build /home/zzn/chapt4/chapt4_ws/build/demo_cpp_service -- -j8 -l8
[0.682s] Invoking command in '/home/zzn/chapt4/chapt4_ws/build/demo_cpp_service': CMAKE_PREFIX_PATH=/home/zzn/chapt4/chapt4_ws/install/chapt4_interfaces:/home/zzn/chapt4/chapt4_ws/install/demo_cpp_service:/opt/ros/humble /usr/bin/cmake --install /home/zzn/chapt4/chapt4_ws/build/demo_cpp_service
[0.690s] -- Install configuration: ""
[0.690s] -- Up-to-date: /home/zzn/chapt4/chapt4_ws/install/demo_cpp_service/lib/turtle_control
[0.690s] -- Up-to-date: /home/zzn/chapt4/chapt4_ws/install/demo_cpp_service/share/ament_index/resource_index/package_run_dependencies/demo_cpp_service
[0.690s] -- Up-to-date: /home/zzn/chapt4/chapt4_ws/install/demo_cpp_service/share/ament_index/resource_index/parent_prefix_path/demo_cpp_service
[0.690s] -- Up-to-date: /home/zzn/chapt4/chapt4_ws/install/demo_cpp_service/share/demo_cpp_service/environment/ament_prefix_path.sh
[0.691s] -- Installing: /home/zzn/chapt4/chapt4_ws/install/demo_cpp_service/share/demo_cpp_service/environment/ament_prefix_path.dsv
[0.691s] -- Up-to-date: /home/zzn/chapt4/chapt4_ws/install/demo_cpp_service/share/demo_cpp_service/environment/path.sh
[0.691s] -- Installing: /home/zzn/chapt4/chapt4_ws/install/demo_cpp_service/share/demo_cpp_service/environment/path.dsv
[0.691s] -- Up-to-date: /home/zzn/chapt4/chapt4_ws/install/demo_cpp_service/share/demo_cpp_service/local_setup.bash
[0.691s] -- Up-to-date: /home/zzn/chapt4/chapt4_ws/install/demo_cpp_service/share/demo_cpp_service/local_setup.sh
[0.691s] -- Up-to-date: /home/zzn/chapt4/chapt4_ws/install/demo_cpp_service/share/demo_cpp_service/local_setup.zsh
[0.691s] -- Installing: /home/zzn/chapt4/chapt4_ws/install/demo_cpp_service/share/demo_cpp_service/local_setup.dsv
[0.691s] -- Installing: /home/zzn/chapt4/chapt4_ws/install/demo_cpp_service/share/demo_cpp_service/package.dsv
[0.691s] -- Up-to-date: /home/zzn/chapt4/chapt4_ws/install/demo_cpp_service/share/ament_index/resource_index/packages/demo_cpp_service
[0.692s] -- Up-to-date: /home/zzn/chapt4/chapt4_ws/install/demo_cpp_service/share/demo_cpp_service/cmake/demo_cpp_serviceConfig.cmake
[0.692s] -- Up-to-date: /home/zzn/chapt4/chapt4_ws/install/demo_cpp_service/share/demo_cpp_service/cmake/demo_cpp_serviceConfig-version.cmake
[0.692s] -- Up-to-date: /home/zzn/chapt4/chapt4_ws/install/demo_cpp_service/share/demo_cpp_service/package.xml
[0.695s] Invoked command in '/home/zzn/chapt4/chapt4_ws/build/demo_cpp_service' returned '0': CMAKE_PREFIX_PATH=/home/zzn/chapt4/chapt4_ws/install/chapt4_interfaces:/home/zzn/chapt4/chapt4_ws/install/demo_cpp_service:/opt/ros/humble /usr/bin/cmake --install /home/zzn/chapt4/chapt4_ws/build/demo_cpp_service
