[0.013s] Invoking command in '/home/zzn/chapt4/chapt4_ws/build/demo_cpp_service': CMAKE_PREFIX_PATH=/home/zzn/chapt4/chapt4_ws/install/chapt4_interfaces:/home/zzn/chapt4/chapt4_ws/install/demo_cpp_service:/opt/ros/humble /usr/bin/cmake --build /home/zzn/chapt4/chapt4_ws/build/demo_cpp_service -- -j8 -l8
[0.042s] -- Found ament_cmake: 1.3.13 (/opt/ros/humble/share/ament_cmake/cmake)
[0.178s] -- Found chapt4_interfaces: 0.0.0 (/home/zzn/chapt4/chapt4_ws/install/chapt4_interfaces/share/chapt4_interfaces/cmake)
[0.203s] -- Found rosidl_generator_c: 3.1.8 (/opt/ros/humble/share/rosidl_generator_c/cmake)
[0.205s] -- Found rosidl_adapter: 3.1.8 (/opt/ros/humble/share/rosidl_adapter/cmake)
[0.212s] -- Found rosidl_generator_cpp: 3.1.8 (/opt/ros/humble/share/rosidl_generator_cpp/cmake)
[0.221s] -- Using all available rosidl_typesupport_c: rosidl_typesupport_fastrtps_c;rosidl_typesupport_introspection_c
[0.232s] -- Using all available rosidl_typesupport_cpp: rosidl_typesupport_fastrtps_cpp;rosidl_typesupport_introspection_cpp
[0.299s] -- Found rclcpp: 16.0.18 (/opt/ros/humble/share/rclcpp/cmake)
[0.322s] -- Found rmw_implementation_cmake: 6.1.2 (/opt/ros/humble/share/rmw_implementation_cmake/cmake)
[0.323s] -- Found rmw_fastrtps_cpp: 6.2.10 (/opt/ros/humble/share/rmw_fastrtps_cpp/cmake)
[0.429s] -- Using RMW implementation 'rmw_fastrtps_cpp' as default
[0.469s] -- Found turtlesim: 1.4.3 (/opt/ros/humble/share/turtlesim/cmake)
[0.505s] -- Found ament_lint_auto: 0.12.15 (/opt/ros/humble/share/ament_lint_auto/cmake)
[0.580s] -- Added test 'cppcheck' to perform static code analysis on C / C++ code
[0.580s] -- Configured cppcheck include dirs: 
[0.580s] -- Configured cppcheck exclude dirs and/or files: 
[0.580s] -- Added test 'lint_cmake' to check CMake code style
[0.581s] -- Added test 'uncrustify' to check C / C++ code style
[0.581s] -- Configured uncrustify additional arguments: 
[0.581s] -- Added test 'xmllint' to check XML markup files
[0.582s] -- Configuring done
[0.598s] -- Generating done
[0.604s] -- Build files have been written to: /home/zzn/chapt4/chapt4_ws/build/demo_cpp_service
[0.636s] [35m[1mConsolidate compiler generated dependencies of target turtle_control[0m
[0.661s] [100%] Built target turtle_control
[0.677s] Invoked command in '/home/zzn/chapt4/chapt4_ws/build/demo_cpp_service' returned '0': CMAKE_PREFIX_PATH=/home/zzn/chapt4/chapt4_ws/install/chapt4_interfaces:/home/zzn/chapt4/chapt4_ws/install/demo_cpp_service:/opt/ros/humble /usr/bin/cmake --build /home/zzn/chapt4/chapt4_ws/build/demo_cpp_service -- -j8 -l8
[0.680s] Invoking command in '/home/zzn/chapt4/chapt4_ws/build/demo_cpp_service': CMAKE_PREFIX_PATH=/home/zzn/chapt4/chapt4_ws/install/chapt4_interfaces:/home/zzn/chapt4/chapt4_ws/install/demo_cpp_service:/opt/ros/humble /usr/bin/cmake --install /home/zzn/chapt4/chapt4_ws/build/demo_cpp_service
[0.688s] -- Install configuration: ""
[0.688s] -- Installing: /home/zzn/chapt4/chapt4_ws/install/demo_cpp_service/lib/demo_cpp_service/turtle_control
[0.693s] -- Set runtime path of "/home/zzn/chapt4/chapt4_ws/install/demo_cpp_service/lib/demo_cpp_service/turtle_control" to ""
[0.693s] -- Up-to-date: /home/zzn/chapt4/chapt4_ws/install/demo_cpp_service/share/ament_index/resource_index/package_run_dependencies/demo_cpp_service
[0.693s] -- Up-to-date: /home/zzn/chapt4/chapt4_ws/install/demo_cpp_service/share/ament_index/resource_index/parent_prefix_path/demo_cpp_service
[0.693s] -- Up-to-date: /home/zzn/chapt4/chapt4_ws/install/demo_cpp_service/share/demo_cpp_service/environment/ament_prefix_path.sh
[0.694s] -- Installing: /home/zzn/chapt4/chapt4_ws/install/demo_cpp_service/share/demo_cpp_service/environment/ament_prefix_path.dsv
[0.694s] -- Up-to-date: /home/zzn/chapt4/chapt4_ws/install/demo_cpp_service/share/demo_cpp_service/environment/path.sh
[0.694s] -- Installing: /home/zzn/chapt4/chapt4_ws/install/demo_cpp_service/share/demo_cpp_service/environment/path.dsv
[0.694s] -- Up-to-date: /home/zzn/chapt4/chapt4_ws/install/demo_cpp_service/share/demo_cpp_service/local_setup.bash
[0.694s] -- Up-to-date: /home/zzn/chapt4/chapt4_ws/install/demo_cpp_service/share/demo_cpp_service/local_setup.sh
[0.694s] -- Up-to-date: /home/zzn/chapt4/chapt4_ws/install/demo_cpp_service/share/demo_cpp_service/local_setup.zsh
[0.694s] -- Installing: /home/zzn/chapt4/chapt4_ws/install/demo_cpp_service/share/demo_cpp_service/local_setup.dsv
[0.694s] -- Installing: /home/zzn/chapt4/chapt4_ws/install/demo_cpp_service/share/demo_cpp_service/package.dsv
[0.695s] -- Up-to-date: /home/zzn/chapt4/chapt4_ws/install/demo_cpp_service/share/ament_index/resource_index/packages/demo_cpp_service
[0.695s] -- Up-to-date: /home/zzn/chapt4/chapt4_ws/install/demo_cpp_service/share/demo_cpp_service/cmake/demo_cpp_serviceConfig.cmake
[0.695s] -- Up-to-date: /home/zzn/chapt4/chapt4_ws/install/demo_cpp_service/share/demo_cpp_service/cmake/demo_cpp_serviceConfig-version.cmake
[0.695s] -- Up-to-date: /home/zzn/chapt4/chapt4_ws/install/demo_cpp_service/share/demo_cpp_service/package.xml
[0.697s] Invoked command in '/home/zzn/chapt4/chapt4_ws/build/demo_cpp_service' returned '0': CMAKE_PREFIX_PATH=/home/zzn/chapt4/chapt4_ws/install/chapt4_interfaces:/home/zzn/chapt4/chapt4_ws/install/demo_cpp_service:/opt/ros/humble /usr/bin/cmake --install /home/zzn/chapt4/chapt4_ws/build/demo_cpp_service
